<?xml version="1.0" encoding="UTF-8"?>
<!-- Generated by org.testng.reporters.JUnitReportReporter -->
<testsuite hostname="LAPTOP-257IK31P" failures="0" tests="1" name="TestDatapack.MyTestcases" time="3.858" errors="0" timestamp="2025-08-25T16:23:16 IST" skipped="0">
  <testcase classname="TestDatapack.MyTestcases" name="Login" time="3.858"/>
</testsuite> <!-- TestDatapack.MyTestcases -->
