<?xml version="1.0" encoding="UTF-8"?>
<!-- Generated by org.testng.reporters.JUnitReportReporter -->
<testsuite hostname="LAPTOP-257IK31P" failures="0" tests="1" name="TestDatapack.PomCoding" time="6.928" errors="0" timestamp="2025-08-25T16:17:55 IST" skipped="0">
  <testcase classname="TestDatapack.PomCoding" name="Login" time="6.928"/>
</testsuite> <!-- TestDatapack.PomCoding -->
